<?xml version="1.0" encoding="utf-8"?><testsuites name="pytest tests"><testsuite name="pytest" errors="0" failures="0" skipped="0" tests="12" time="1.052" timestamp="2026-05-08T11:32:50.163314+00:00" hostname="agent-env-06bbb951-fd24-4b25-af48-234830d5b128"><testcase classname="backend.tests.test_outreach_api.TestHealth" name="test_health_ok" time="0.160" /><testcase classname="backend.tests.test_outreach_api.TestHealth" name="test_root_is_frontend_not_backend" time="0.048" /><testcase classname="backend.tests.test_outreach_api.TestProviders" name="test_providers" time="0.047" /><testcase classname="backend.tests.test_outreach_api.TestCompanyProfile" name="test_company_profile_preview" time="0.047" /><testcase classname="backend.tests.test_outreach_api.TestCampaignsList" name="test_campaigns_list" time="0.049" /><testcase classname="backend.tests.test_outreach_api.TestCampaignsList" name="test_get_seeded_campaign" time="0.047" /><testcase classname="backend.tests.test_outreach_api.TestDraftCycle" name="test_drafts_have_required_fields" time="0.154" /><testcase classname="backend.tests.test_outreach_api.TestDraftCycle" name="test_approve_draft_persists" time="0.144" /><testcase classname="backend.tests.test_outreach_api.TestDraftCycle" name="test_edit_draft_persists" time="0.141" /><testcase classname="backend.tests.test_outreach_api.TestMailboxes" name="test_oauth_providers" time="0.050" /><testcase classname="backend.tests.test_outreach_api.TestMailboxes" name="test_mailbox_status" time="0.055" /><testcase classname="backend.tests.test_outreach_api.TestMailboxes" name="test_apollo_search_graceful_503" time="0.068" /></testsuite></testsuites>